<?xml version="1.0" encoding="UTF-8"?>
<testsuite xmlns:xsi="http://www.w3.org/2001/XMLSchema-instance" xsi:noNamespaceSchemaLocation="https://maven.apache.org/surefire/maven-surefire-plugin/xsd/surefire-test-report.xsd" version="3.0.2" name="com.example.FormValidation.FormValidationApplicationTests" time="3.873" tests="1" errors="0" skipped="0" failures="0">
  <properties>
[...]
</properties>
  <testcase name="contextLoads" classname="com.example.FormValidation.FormValidationApplicationTests" time="1.035">
    <system-out><![CDATA[14:30:00.240 [main] INFO org.springframework.test.context.support.AnnotationConfigContextLoaderUtils -- Could not detect default configuration classes for test class [com.example.FormValidation.FormValidationApplicationTests]: FormValidationApplicationTests does not declare any static, non-private, non-final, nested classes annotated with @Configuration.
14:30:00.399 [main] INFO org.springframework.boot.test.context.SpringBootTestContextBootstrapper -- Found @SpringBootConfiguration com.example.FormValidation.FormValidationApplication for test class com.example.FormValidation.FormValidationApplicationTests
14:30:00.658 [main] INFO org.springframework.boot.devtools.restart.RestartApplicationListener -- Restart disabled due to context in which it is running

  .   ____          _            __ _ _
 /\\ / ___'_ __ _ _(_)_ __  __ _ \ \ \ \
( ( )\___ | '_ | '_| | '_ \/ _` | \ \ \ \
 \\/  ___)| |_)| | | | | || (_| |  ) ) ) )
  '  |____| .__|_| |_|_| |_\__, | / / / /
 =========|_|==============|___/=/_/_/_/

 :: Spring Boot ::                (v3.4.0)

2024-12-10T14:30:01.079+05:30  INFO 9752 --- [FormValidation] [           main] c.e.F.FormValidationApplicationTests     : Starting FormValidationApplicationTests using Java 17.0.6 with PID 9752 (started by IET in D:\springboot\FormValidation)
2024-12-10T14:30:01.081+05:30  INFO 9752 --- [FormValidation] [           main] c.e.F.FormValidationApplicationTests     : No active profile set, falling back to 1 default profile: "default"
2024-12-10T14:30:02.794+05:30  INFO 9752 --- [FormValidation] [           main] c.e.F.FormValidationApplicationTests     : Started FormValidationApplicationTests in 2.156 seconds (process running for 3.794)
]]></system-out>
  </testcase>
</testsuite>